
c:\Program Files\Git>copy mingw64\bin\acountry.exe c:\xbin 
        1 file(s) copied.

c:\Program Files\Git>copy mingw64\bin\adig.exe c:\xbin 
        1 file(s) copied.

c:\Program Files\Git>copy mingw64\bin\ahost.exe c:\xbin 
        1 file(s) copied.

c:\Program Files\Git>copy mingw64\bin\antiword.exe c:\xbin 
        1 file(s) copied.

c:\Program Files\Git>copy mingw64\bin\blocked-file-util.exe c:\xbin 
        1 file(s) copied.

c:\Program Files\Git>copy mingw64\bin\brotli.exe c:\xbin 
        1 file(s) copied.

c:\Program Files\Git>copy mingw64\bin\bunzip2.exe c:\xbin 
        1 file(s) copied.

c:\Program Files\Git>copy mingw64\bin\bzcat.exe c:\xbin 
        1 file(s) copied.

c:\Program Files\Git>copy mingw64\bin\bzip2.exe c:\xbin 
        1 file(s) copied.

c:\Program Files\Git>copy mingw64\bin\bzip2recover.exe c:\xbin 
        1 file(s) copied.

c:\Program Files\Git>copy mingw64\bin\connect.exe c:\xbin 
        1 file(s) copied.

c:\Program Files\Git>copy mingw64\bin\create-shortcut.exe c:\xbin 
        1 file(s) copied.

c:\Program Files\Git>copy mingw64\bin\edit_test.exe c:\xbin 
        1 file(s) copied.

c:\Program Files\Git>copy mingw64\bin\edit_test_dll.exe c:\xbin 
        1 file(s) copied.

c:\Program Files\Git>copy mingw64\bin\envsubst.exe c:\xbin 
        1 file(s) copied.

c:\Program Files\Git>copy mingw64\bin\gettext.exe c:\xbin 
        1 file(s) copied.

c:\Program Files\Git>copy mingw64\bin\lzmadec.exe c:\xbin 
        1 file(s) copied.

c:\Program Files\Git>copy mingw64\bin\lzmainfo.exe c:\xbin 
        1 file(s) copied.

c:\Program Files\Git>copy mingw64\bin\odt2txt.exe c:\xbin 
        1 file(s) copied.

c:\Program Files\Git>copy mingw64\bin\openssl.exe c:\xbin 
        1 file(s) copied.

c:\Program Files\Git>copy mingw64\bin\p11-kit.exe c:\xbin 
        1 file(s) copied.

c:\Program Files\Git>copy mingw64\bin\pdftotext.exe c:\xbin 
        1 file(s) copied.

c:\Program Files\Git>copy mingw64\bin\pkcs1-conv.exe c:\xbin 
        1 file(s) copied.

c:\Program Files\Git>copy mingw64\bin\proxy-lookup.exe c:\xbin 
        1 file(s) copied.

c:\Program Files\Git>copy mingw64\bin\psl.exe c:\xbin 
        1 file(s) copied.

c:\Program Files\Git>copy mingw64\bin\sexp-conv.exe c:\xbin 
        1 file(s) copied.

c:\Program Files\Git>copy mingw64\bin\tclsh.exe c:\xbin 
        1 file(s) copied.

c:\Program Files\Git>copy mingw64\bin\tclsh86.exe c:\xbin 
        1 file(s) copied.

c:\Program Files\Git>copy mingw64\bin\trust.exe c:\xbin 
        1 file(s) copied.

c:\Program Files\Git>copy mingw64\bin\unxz.exe c:\xbin 
        1 file(s) copied.

c:\Program Files\Git>copy mingw64\bin\WhoUses.exe c:\xbin 
        1 file(s) copied.

c:\Program Files\Git>copy mingw64\bin\wintoast.exe c:\xbin 
        1 file(s) copied.

c:\Program Files\Git>copy mingw64\bin\wish.exe c:\xbin 
        1 file(s) copied.

c:\Program Files\Git>copy mingw64\bin\wish86.exe c:\xbin 
        1 file(s) copied.

c:\Program Files\Git>copy mingw64\bin\x86_64-w64-mingw32-agrep.exe c:\xbin 
        1 file(s) copied.

c:\Program Files\Git>copy mingw64\bin\xmlwf.exe c:\xbin 
        1 file(s) copied.

c:\Program Files\Git>copy mingw64\bin\xz.exe c:\xbin 
        1 file(s) copied.

c:\Program Files\Git>copy mingw64\bin\xzcat.exe c:\xbin 
        1 file(s) copied.

c:\Program Files\Git>copy mingw64\bin\xzdec.exe c:\xbin 
        1 file(s) copied.

c:\Program Files\Git>copy usr\bin\arch.exe c:\xbin 
        1 file(s) copied.

c:\Program Files\Git>copy usr\bin\awk.exe c:\xbin 
        1 file(s) copied.

c:\Program Files\Git>copy usr\bin\b2sum.exe c:\xbin 
        1 file(s) copied.

c:\Program Files\Git>copy usr\bin\base32.exe c:\xbin 
        1 file(s) copied.

c:\Program Files\Git>copy usr\bin\base64.exe c:\xbin 
        1 file(s) copied.

c:\Program Files\Git>copy usr\bin\basename.exe c:\xbin 
        1 file(s) copied.

c:\Program Files\Git>copy usr\bin\basenc.exe c:\xbin 
        1 file(s) copied.

c:\Program Files\Git>copy usr\bin\bash.exe c:\xbin 
        1 file(s) copied.

c:\Program Files\Git>copy usr\bin\bunzip2.exe c:\xbin 
        1 file(s) copied.

c:\Program Files\Git>copy usr\bin\bzcat.exe c:\xbin 
        1 file(s) copied.

c:\Program Files\Git>copy usr\bin\bzip2.exe c:\xbin 
        1 file(s) copied.

c:\Program Files\Git>copy usr\bin\bzip2recover.exe c:\xbin 
        1 file(s) copied.

c:\Program Files\Git>copy usr\bin\captoinfo.exe c:\xbin 
        1 file(s) copied.

c:\Program Files\Git>copy usr\bin\cat.exe c:\xbin 
        1 file(s) copied.

c:\Program Files\Git>copy usr\bin\chattr.exe c:\xbin 
        1 file(s) copied.

c:\Program Files\Git>copy usr\bin\chcon.exe c:\xbin 
        1 file(s) copied.

c:\Program Files\Git>copy usr\bin\chgrp.exe c:\xbin 
        1 file(s) copied.

c:\Program Files\Git>copy usr\bin\chmod.exe c:\xbin 
        1 file(s) copied.

c:\Program Files\Git>copy usr\bin\chown.exe c:\xbin 
        1 file(s) copied.

c:\Program Files\Git>copy usr\bin\chroot.exe c:\xbin 
        1 file(s) copied.

c:\Program Files\Git>copy usr\bin\cksum.exe c:\xbin 
        1 file(s) copied.

c:\Program Files\Git>copy usr\bin\clear.exe c:\xbin 
        1 file(s) copied.

c:\Program Files\Git>copy usr\bin\cmp.exe c:\xbin 
        1 file(s) copied.

c:\Program Files\Git>copy usr\bin\column.exe c:\xbin 
        1 file(s) copied.

c:\Program Files\Git>copy usr\bin\comm.exe c:\xbin 
        1 file(s) copied.

c:\Program Files\Git>copy usr\bin\cp.exe c:\xbin 
        1 file(s) copied.

c:\Program Files\Git>copy usr\bin\csplit.exe c:\xbin 
        1 file(s) copied.

c:\Program Files\Git>copy usr\bin\cut.exe c:\xbin 
        1 file(s) copied.

c:\Program Files\Git>copy usr\bin\cygcheck.exe c:\xbin 
        1 file(s) copied.

c:\Program Files\Git>copy usr\bin\cygpath.exe c:\xbin 
        1 file(s) copied.

c:\Program Files\Git>copy usr\bin\cygwin-console-helper.exe c:\xbin 
        1 file(s) copied.

c:\Program Files\Git>copy usr\bin\d2u.exe c:\xbin 
        1 file(s) copied.

c:\Program Files\Git>copy usr\bin\dash.exe c:\xbin 
        1 file(s) copied.

c:\Program Files\Git>copy usr\bin\dd.exe c:\xbin 
        1 file(s) copied.

c:\Program Files\Git>copy usr\bin\df.exe c:\xbin 
        1 file(s) copied.

c:\Program Files\Git>copy usr\bin\diff.exe c:\xbin 
        1 file(s) copied.

c:\Program Files\Git>copy usr\bin\diff3.exe c:\xbin 
        1 file(s) copied.

c:\Program Files\Git>copy usr\bin\dircolors.exe c:\xbin 
        1 file(s) copied.

c:\Program Files\Git>copy usr\bin\dirmngr-client.exe c:\xbin 
        1 file(s) copied.

c:\Program Files\Git>copy usr\bin\dirmngr.exe c:\xbin 
        1 file(s) copied.

c:\Program Files\Git>copy usr\bin\dirname.exe c:\xbin 
        1 file(s) copied.

c:\Program Files\Git>copy usr\bin\dos2unix.exe c:\xbin 
        1 file(s) copied.

c:\Program Files\Git>copy usr\bin\du.exe c:\xbin 
        1 file(s) copied.

c:\Program Files\Git>copy usr\bin\dumpsexp.exe c:\xbin 
        1 file(s) copied.

c:\Program Files\Git>copy usr\bin\env.exe c:\xbin 
        1 file(s) copied.

c:\Program Files\Git>copy usr\bin\envsubst.exe c:\xbin 
        1 file(s) copied.

c:\Program Files\Git>copy usr\bin\ex.exe c:\xbin 
        1 file(s) copied.

c:\Program Files\Git>copy usr\bin\expr.exe c:\xbin 
        1 file(s) copied.

c:\Program Files\Git>copy usr\bin\factor.exe c:\xbin 
        1 file(s) copied.

c:\Program Files\Git>copy usr\bin\false.exe c:\xbin 
        1 file(s) copied.

c:\Program Files\Git>copy usr\bin\file.exe c:\xbin 
        1 file(s) copied.

c:\Program Files\Git>copy usr\share\misc\magic.mgc c:\xbin\share 
        1 file(s) copied.

c:\Program Files\Git>copy usr\bin\find.exe c:\xbin\xfind.exe 
        1 file(s) copied.

c:\Program Files\Git>copy usr\bin\fmt.exe c:\xbin 
        1 file(s) copied.

c:\Program Files\Git>copy usr\bin\fold.exe c:\xbin 
        1 file(s) copied.

c:\Program Files\Git>copy usr\bin\funzip.exe c:\xbin 
        1 file(s) copied.

c:\Program Files\Git>copy usr\bin\gawk-5.0.0.exe c:\xbin 
        1 file(s) copied.

c:\Program Files\Git>copy usr\bin\gawk.exe c:\xbin 
        1 file(s) copied.

c:\Program Files\Git>copy usr\bin\gencat.exe c:\xbin 
        1 file(s) copied.

c:\Program Files\Git>copy usr\bin\getconf.exe c:\xbin 
        1 file(s) copied.

c:\Program Files\Git>copy usr\bin\getfacl.exe c:\xbin 
        1 file(s) copied.

c:\Program Files\Git>copy usr\bin\getopt.exe c:\xbin 
        1 file(s) copied.

c:\Program Files\Git>copy usr\bin\gettext.exe c:\xbin 
        1 file(s) copied.

c:\Program Files\Git>copy usr\bin\gkill.exe c:\xbin 
        1 file(s) copied.

c:\Program Files\Git>copy usr\bin\gmondump.exe c:\xbin 
        1 file(s) copied.

c:\Program Files\Git>copy usr\bin\gpg-agent.exe c:\xbin 
        1 file(s) copied.

c:\Program Files\Git>copy usr\bin\gpg-connect-agent.exe c:\xbin 
        1 file(s) copied.

c:\Program Files\Git>copy usr\bin\gpg-error.exe c:\xbin 
        1 file(s) copied.

c:\Program Files\Git>copy usr\bin\gpg-wks-server.exe c:\xbin 
        1 file(s) copied.

c:\Program Files\Git>copy usr\bin\gpg.exe c:\xbin 
        1 file(s) copied.

c:\Program Files\Git>copy usr\bin\gpgconf.exe c:\xbin 
        1 file(s) copied.

c:\Program Files\Git>copy usr\bin\gpgparsemail.exe c:\xbin 
        1 file(s) copied.

c:\Program Files\Git>copy usr\bin\gpgscm.exe c:\xbin 
        1 file(s) copied.

c:\Program Files\Git>copy usr\bin\gpgsm.exe c:\xbin 
        1 file(s) copied.

c:\Program Files\Git>copy usr\bin\gpgsplit.exe c:\xbin 
        1 file(s) copied.

c:\Program Files\Git>copy usr\bin\gpgtar.exe c:\xbin 
        1 file(s) copied.

c:\Program Files\Git>copy usr\bin\gpgv.exe c:\xbin 
        1 file(s) copied.

c:\Program Files\Git>copy usr\bin\grep.exe c:\xbin 
        1 file(s) copied.

c:\Program Files\Git>copy usr\bin\groups.exe c:\xbin 
        1 file(s) copied.

c:\Program Files\Git>copy usr\bin\gzip.exe c:\xbin 
        1 file(s) copied.

c:\Program Files\Git>copy usr\bin\head.exe c:\xbin 
        1 file(s) copied.

c:\Program Files\Git>copy usr\bin\hmac256.exe c:\xbin 
        1 file(s) copied.

c:\Program Files\Git>copy usr\bin\hostid.exe c:\xbin 
        1 file(s) copied.

c:\Program Files\Git>copy usr\bin\iconv.exe c:\xbin 
        1 file(s) copied.

c:\Program Files\Git>copy usr\bin\id.exe c:\xbin 
        1 file(s) copied.

c:\Program Files\Git>copy usr\bin\infocmp.exe c:\xbin 
        1 file(s) copied.

c:\Program Files\Git>copy usr\bin\infotocap.exe c:\xbin 
        1 file(s) copied.

c:\Program Files\Git>copy usr\bin\install.exe c:\xbin 
        1 file(s) copied.

c:\Program Files\Git>copy usr\bin\join.exe c:\xbin 
        1 file(s) copied.

c:\Program Files\Git>copy usr\bin\kbxutil.exe c:\xbin 
        1 file(s) copied.

c:\Program Files\Git>copy usr\bin\kill.exe c:\xbin 
        1 file(s) copied.

c:\Program Files\Git>copy usr\bin\ldd.exe c:\xbin 
        1 file(s) copied.

c:\Program Files\Git>copy usr\bin\ldh.exe c:\xbin 
        1 file(s) copied.

c:\Program Files\Git>copy usr\bin\less.exe c:\xbin 
        1 file(s) copied.

c:\Program Files\Git>copy usr\bin\lessecho.exe c:\xbin 
        1 file(s) copied.

c:\Program Files\Git>copy usr\bin\lesskey.exe c:\xbin 
        1 file(s) copied.

c:\Program Files\Git>copy usr\bin\link.exe c:\xbin 
        1 file(s) copied.

c:\Program Files\Git>copy usr\bin\ln.exe c:\xbin 
        1 file(s) copied.

c:\Program Files\Git>copy usr\bin\locale.exe c:\xbin 
        1 file(s) copied.

c:\Program Files\Git>copy usr\bin\locate.exe c:\xbin 
        1 file(s) copied.

c:\Program Files\Git>copy usr\bin\logname.exe c:\xbin 
        1 file(s) copied.

c:\Program Files\Git>copy usr\bin\ls.exe c:\xbin 
        1 file(s) copied.

c:\Program Files\Git>copy usr\bin\lsattr.exe c:\xbin 
        1 file(s) copied.

c:\Program Files\Git>copy usr\bin\mac2unix.exe c:\xbin 
        1 file(s) copied.

c:\Program Files\Git>copy usr\bin\md5sum.exe c:\xbin 
        1 file(s) copied.

c:\Program Files\Git>copy usr\bin\minidumper.exe c:\xbin 
        1 file(s) copied.

c:\Program Files\Git>copy usr\bin\mintty.exe c:\xbin 
        1 file(s) copied.

c:\Program Files\Git>copy usr\bin\mkfifo.exe c:\xbin 
        1 file(s) copied.

c:\Program Files\Git>copy usr\bin\mkgroup.exe c:\xbin 
        1 file(s) copied.

c:\Program Files\Git>copy usr\bin\mknod.exe c:\xbin 
        1 file(s) copied.

c:\Program Files\Git>copy usr\bin\mkpasswd.exe c:\xbin 
        1 file(s) copied.

c:\Program Files\Git>copy usr\bin\mktemp.exe c:\xbin 
        1 file(s) copied.

c:\Program Files\Git>copy usr\bin\mount.exe c:\xbin 
        1 file(s) copied.

c:\Program Files\Git>copy usr\bin\mpicalc.exe c:\xbin 
        1 file(s) copied.

c:\Program Files\Git>copy usr\bin\msgattrib.exe c:\xbin 
        1 file(s) copied.

c:\Program Files\Git>copy usr\bin\msgcat.exe c:\xbin 
        1 file(s) copied.

c:\Program Files\Git>copy usr\bin\msgcmp.exe c:\xbin 
        1 file(s) copied.

c:\Program Files\Git>copy usr\bin\msgcomm.exe c:\xbin 
        1 file(s) copied.

c:\Program Files\Git>copy usr\bin\msgconv.exe c:\xbin 
        1 file(s) copied.

c:\Program Files\Git>copy usr\bin\msgen.exe c:\xbin 
        1 file(s) copied.

c:\Program Files\Git>copy usr\bin\msgexec.exe c:\xbin 
        1 file(s) copied.

c:\Program Files\Git>copy usr\bin\msgfilter.exe c:\xbin 
        1 file(s) copied.

c:\Program Files\Git>copy usr\bin\msgfmt.exe c:\xbin 
        1 file(s) copied.

c:\Program Files\Git>copy usr\bin\msggrep.exe c:\xbin 
        1 file(s) copied.

c:\Program Files\Git>copy usr\bin\msginit.exe c:\xbin 
        1 file(s) copied.

c:\Program Files\Git>copy usr\bin\msgmerge.exe c:\xbin 
        1 file(s) copied.

c:\Program Files\Git>copy usr\bin\msgunfmt.exe c:\xbin 
        1 file(s) copied.

c:\Program Files\Git>copy usr\bin\msguniq.exe c:\xbin 
        1 file(s) copied.

c:\Program Files\Git>copy usr\bin\mv.exe c:\xbin 
        1 file(s) copied.

c:\Program Files\Git>copy usr\bin\nano.exe c:\xbin 
        1 file(s) copied.

c:\Program Files\Git>copy usr\bin\nettle-hash.exe c:\xbin 
        1 file(s) copied.

c:\Program Files\Git>copy usr\bin\nettle-lfib-stream.exe c:\xbin 
        1 file(s) copied.

c:\Program Files\Git>copy usr\bin\nettle-pbkdf2.exe c:\xbin 
        1 file(s) copied.

c:\Program Files\Git>copy usr\bin\ngettext.exe c:\xbin 
        1 file(s) copied.

c:\Program Files\Git>copy usr\bin\nice.exe c:\xbin 
        1 file(s) copied.

c:\Program Files\Git>copy usr\bin\nl.exe c:\xbin 
        1 file(s) copied.

c:\Program Files\Git>copy usr\bin\nohup.exe c:\xbin 
        1 file(s) copied.

c:\Program Files\Git>copy usr\bin\nproc.exe c:\xbin 
        1 file(s) copied.

c:\Program Files\Git>copy usr\bin\numfmt.exe c:\xbin 
        1 file(s) copied.

c:\Program Files\Git>copy usr\bin\od.exe c:\xbin 
        1 file(s) copied.

c:\Program Files\Git>copy usr\bin\openssl.exe c:\xbin 
        1 file(s) copied.

c:\Program Files\Git>copy usr\bin\p11-kit.exe c:\xbin 
        1 file(s) copied.

c:\Program Files\Git>copy usr\bin\passwd.exe c:\xbin 
        1 file(s) copied.

c:\Program Files\Git>copy usr\bin\paste.exe c:\xbin 
        1 file(s) copied.

c:\Program Files\Git>copy usr\bin\patch.exe c:\xbin 
        1 file(s) copied.

c:\Program Files\Git>copy usr\bin\pathchk.exe c:\xbin 
        1 file(s) copied.

c:\Program Files\Git>copy usr\bin\perl.exe c:\xbin 
        1 file(s) copied.

c:\Program Files\Git>copy usr\bin\perl5.36.1.exe c:\xbin 
        1 file(s) copied.

c:\Program Files\Git>copy usr\bin\pinentry-w32.exe c:\xbin 
        1 file(s) copied.

c:\Program Files\Git>copy usr\bin\pinentry.exe c:\xbin 
        1 file(s) copied.

c:\Program Files\Git>copy usr\bin\pinky.exe c:\xbin 
        1 file(s) copied.

c:\Program Files\Git>copy usr\bin\pkcs1-conv.exe c:\xbin 
        1 file(s) copied.

c:\Program Files\Git>copy usr\bin\pldd.exe c:\xbin 
        1 file(s) copied.

c:\Program Files\Git>copy usr\bin\pluginviewer.exe c:\xbin 
        1 file(s) copied.

c:\Program Files\Git>copy usr\bin\pr.exe c:\xbin 
        1 file(s) copied.

c:\Program Files\Git>copy usr\bin\printenv.exe c:\xbin 
        1 file(s) copied.

c:\Program Files\Git>copy usr\bin\printf.exe c:\xbin 
        1 file(s) copied.

c:\Program Files\Git>copy usr\bin\profiler.exe c:\xbin 
        1 file(s) copied.

c:\Program Files\Git>copy usr\bin\ps.exe c:\xbin 
        1 file(s) copied.

c:\Program Files\Git>copy usr\bin\psl.exe c:\xbin 
        1 file(s) copied.

c:\Program Files\Git>copy usr\bin\ptx.exe c:\xbin 
        1 file(s) copied.

c:\Program Files\Git>copy usr\bin\pwd.exe c:\xbin 
        1 file(s) copied.

c:\Program Files\Git>copy usr\bin\readlink.exe c:\xbin 
        1 file(s) copied.

c:\Program Files\Git>copy usr\bin\realpath.exe c:\xbin 
        1 file(s) copied.

c:\Program Files\Git>copy usr\bin\rebase.exe c:\xbin 
        1 file(s) copied.

c:\Program Files\Git>copy usr\bin\recode-sr-latin.exe c:\xbin 
        1 file(s) copied.

c:\Program Files\Git>copy usr\bin\regtool.exe c:\xbin 
        1 file(s) copied.

c:\Program Files\Git>copy usr\bin\rm.exe c:\xbin 
        1 file(s) copied.

c:\Program Files\Git>copy usr\bin\rnano.exe c:\xbin 
        1 file(s) copied.

c:\Program Files\Git>copy usr\bin\runcon.exe c:\xbin 
        1 file(s) copied.

c:\Program Files\Git>copy usr\bin\rview.exe c:\xbin 
        1 file(s) copied.

c:\Program Files\Git>copy usr\bin\rvim.exe c:\xbin 
        1 file(s) copied.

c:\Program Files\Git>copy usr\bin\scp.exe c:\xbin\xscp.exe 
        1 file(s) copied.

c:\Program Files\Git>copy usr\bin\sdiff.exe c:\xbin 
        1 file(s) copied.

c:\Program Files\Git>copy usr\bin\sed.exe c:\xbin 
        1 file(s) copied.

c:\Program Files\Git>copy usr\bin\seq.exe c:\xbin 
        1 file(s) copied.

c:\Program Files\Git>copy usr\bin\setfacl.exe c:\xbin 
        1 file(s) copied.

c:\Program Files\Git>copy usr\bin\setmetamode.exe c:\xbin 
        1 file(s) copied.

c:\Program Files\Git>copy usr\bin\sexp-conv.exe c:\xbin 
        1 file(s) copied.

c:\Program Files\Git>copy usr\bin\sftp.exe c:\xbin\xsftp.exe 
        1 file(s) copied.

c:\Program Files\Git>copy usr\bin\sh.exe c:\xbin 
        1 file(s) copied.

c:\Program Files\Git>copy usr\bin\sha1sum.exe c:\xbin 
        1 file(s) copied.

c:\Program Files\Git>copy usr\bin\sha224sum.exe c:\xbin 
        1 file(s) copied.

c:\Program Files\Git>copy usr\bin\sha256sum.exe c:\xbin 
        1 file(s) copied.

c:\Program Files\Git>copy usr\bin\sha384sum.exe c:\xbin 
        1 file(s) copied.

c:\Program Files\Git>copy usr\bin\sha512sum.exe c:\xbin 
        1 file(s) copied.

c:\Program Files\Git>copy usr\bin\shred.exe c:\xbin 
        1 file(s) copied.

c:\Program Files\Git>copy usr\bin\shuf.exe c:\xbin 
        1 file(s) copied.

c:\Program Files\Git>copy usr\bin\sleep.exe c:\xbin 
        1 file(s) copied.

c:\Program Files\Git>copy usr\bin\sort.exe c:\xbin\xsort.exe 
        1 file(s) copied.

c:\Program Files\Git>copy usr\bin\split.exe c:\xbin 
        1 file(s) copied.

c:\Program Files\Git>copy usr\bin\ssh.exe c:\xbin\xssh.exe 
        1 file(s) copied.

c:\Program Files\Git>copy usr\bin\ssh-pageant.exe c:\xbin 
        1 file(s) copied.

c:\Program Files\Git>copy usr\bin\sshd.exe c:\xbin 
        1 file(s) copied.

c:\Program Files\Git>copy usr\bin\ssp.exe c:\xbin 
        1 file(s) copied.

c:\Program Files\Git>copy usr\bin\stat.exe c:\xbin 
        1 file(s) copied.

c:\Program Files\Git>copy usr\bin\stdbuf.exe c:\xbin 
        1 file(s) copied.

c:\Program Files\Git>copy usr\bin\strace.exe c:\xbin 
        1 file(s) copied.

c:\Program Files\Git>copy usr\bin\stty.exe c:\xbin 
        1 file(s) copied.

c:\Program Files\Git>copy usr\bin\sum.exe c:\xbin 
        1 file(s) copied.

c:\Program Files\Git>copy usr\bin\sync.exe c:\xbin 
        1 file(s) copied.

c:\Program Files\Git>copy usr\bin\tabs.exe c:\xbin 
        1 file(s) copied.

c:\Program Files\Git>copy usr\bin\tac.exe c:\xbin 
        1 file(s) copied.

c:\Program Files\Git>copy usr\bin\tail.exe c:\xbin 
        1 file(s) copied.

c:\Program Files\Git>copy usr\bin\tee.exe c:\xbin 
        1 file(s) copied.

c:\Program Files\Git>copy usr\bin\test.exe c:\xbin 
        1 file(s) copied.

c:\Program Files\Git>copy usr\bin\tic.exe c:\xbin 
        1 file(s) copied.

c:\Program Files\Git>copy usr\bin\tig.exe c:\xbin 
        1 file(s) copied.

c:\Program Files\Git>copy usr\bin\timeout.exe c:\xbin\xtimeout.exe 
        1 file(s) copied.

c:\Program Files\Git>copy usr\bin\toe.exe c:\xbin 
        1 file(s) copied.

c:\Program Files\Git>copy usr\bin\touch.exe c:\xbin 
        1 file(s) copied.

c:\Program Files\Git>copy usr\bin\tput.exe c:\xbin 
        1 file(s) copied.

c:\Program Files\Git>copy usr\bin\tr.exe c:\xbin 
        1 file(s) copied.

c:\Program Files\Git>copy usr\bin\true.exe c:\xbin 
        1 file(s) copied.

c:\Program Files\Git>copy usr\bin\truncate.exe c:\xbin 
        1 file(s) copied.

c:\Program Files\Git>copy usr\bin\trust.exe c:\xbin 
        1 file(s) copied.

c:\Program Files\Git>copy usr\bin\tset.exe c:\xbin 
        1 file(s) copied.

c:\Program Files\Git>copy usr\bin\tsort.exe c:\xbin 
        1 file(s) copied.

c:\Program Files\Git>copy usr\bin\tty.exe c:\xbin 
        1 file(s) copied.

c:\Program Files\Git>copy usr\bin\tzset.exe c:\xbin 
        1 file(s) copied.

c:\Program Files\Git>copy usr\bin\u2d.exe c:\xbin 
        1 file(s) copied.

c:\Program Files\Git>copy usr\bin\umount.exe c:\xbin 
        1 file(s) copied.

c:\Program Files\Git>copy usr\bin\uname.exe c:\xbin 
        1 file(s) copied.

c:\Program Files\Git>copy usr\bin\unexpand.exe c:\xbin 
        1 file(s) copied.

c:\Program Files\Git>copy usr\bin\uniq.exe c:\xbin 
        1 file(s) copied.

c:\Program Files\Git>copy usr\bin\unix2dos.exe c:\xbin 
        1 file(s) copied.

c:\Program Files\Git>copy usr\bin\unix2mac.exe c:\xbin 
        1 file(s) copied.

c:\Program Files\Git>copy usr\bin\unlink.exe c:\xbin 
        1 file(s) copied.

c:\Program Files\Git>copy usr\bin\unzip.exe c:\xbin 
        1 file(s) copied.

c:\Program Files\Git>copy usr\bin\unzipsfx.exe c:\xbin 
        1 file(s) copied.

c:\Program Files\Git>copy usr\bin\users.exe c:\xbin 
        1 file(s) copied.

c:\Program Files\Git>copy usr\bin\vdir.exe c:\xbin 
        1 file(s) copied.

c:\Program Files\Git>copy usr\bin\view.exe c:\xbin 
        1 file(s) copied.

c:\Program Files\Git>copy usr\bin\vim.exe c:\xbin 
        1 file(s) copied.

c:\Program Files\Git>copy usr\bin\vimdiff.exe c:\xbin 
        1 file(s) copied.

c:\Program Files\Git>copy usr\bin\watchgnupg.exe c:\xbin 
        1 file(s) copied.

c:\Program Files\Git>copy usr\bin\wc.exe c:\xbin 
        1 file(s) copied.

c:\Program Files\Git>copy usr\bin\which.exe c:\xbin 
        1 file(s) copied.

c:\Program Files\Git>copy usr\bin\who.exe c:\xbin 
        1 file(s) copied.

c:\Program Files\Git>copy usr\bin\winpty-agent.exe c:\xbin 
        1 file(s) copied.

c:\Program Files\Git>copy usr\bin\winpty-debugserver.exe c:\xbin 
        1 file(s) copied.

c:\Program Files\Git>copy usr\bin\winpty.exe c:\xbin 
        1 file(s) copied.

c:\Program Files\Git>copy usr\bin\xargs.exe c:\xbin 
        1 file(s) copied.

c:\Program Files\Git>copy usr\bin\xgettext.exe c:\xbin 
        1 file(s) copied.

c:\Program Files\Git>copy usr\bin\xxd.exe c:\xbin 
        1 file(s) copied.

c:\Program Files\Git>copy usr\bin\yat2m.exe c:\xbin 
        1 file(s) copied.

c:\Program Files\Git>copy usr\bin\yes.exe c:\xbin 
        1 file(s) copied.

c:\Program Files\Git>copy usr\bin\zipinfo.exe c:\xbin 
        1 file(s) copied.

c:\Program Files\Git>copy usr\bin\[.exe c:\xbin 
        1 file(s) copied.

c:\Program Files\Git>copy mingw64\bin\edit.dll c:\xbin 
        1 file(s) copied.

c:\Program Files\Git>copy mingw64\bin\libcares-2.dll c:\xbin 
        1 file(s) copied.

c:\Program Files\Git>copy mingw64\bin\libexpat-1.dll c:\xbin 
        1 file(s) copied.

c:\Program Files\Git>copy mingw64\bin\libgcc_s_seh-1.dll c:\xbin 
        1 file(s) copied.

c:\Program Files\Git>copy mingw64\bin\libiconv-2.dll c:\xbin 
        1 file(s) copied.

c:\Program Files\Git>copy mingw64\bin\libintl-8.dll c:\xbin 
        1 file(s) copied.

c:\Program Files\Git>copy mingw64\bin\liblzma-5.dll c:\xbin 
        1 file(s) copied.

c:\Program Files\Git>copy mingw64\bin\libpcre-1.dll c:\xbin 
        1 file(s) copied.

c:\Program Files\Git>copy mingw64\bin\libpcreposix-0.dll c:\xbin 
        1 file(s) copied.

c:\Program Files\Git>copy mingw64\bin\libstdc++-6.dll c:\xbin 
The system cannot find the file specified.

c:\Program Files\Git>copy mingw64\bin\libtre-5.dll c:\xbin 
        1 file(s) copied.

c:\Program Files\Git>copy mingw64\bin\libwinpthread-1.dll c:\xbin 
        1 file(s) copied.

c:\Program Files\Git>copy mingw64\bin\tcl86.dll c:\xbin 
        1 file(s) copied.

c:\Program Files\Git>copy mingw64\bin\tk86.dll c:\xbin 
        1 file(s) copied.

c:\Program Files\Git>copy mingw64\bin\zlib1.dll c:\xbin 
        1 file(s) copied.

c:\Program Files\Git>copy usr\bin\msys-2.0.dll c:\xbin 
        1 file(s) copied.

c:\Program Files\Git>copy usr\bin\msys-asn1-8.dll c:\xbin 
        1 file(s) copied.

c:\Program Files\Git>copy usr\bin\msys-assuan-0.dll c:\xbin 
        1 file(s) copied.

c:\Program Files\Git>copy usr\bin\msys-bz2-1.dll c:\xbin 
        1 file(s) copied.

c:\Program Files\Git>copy usr\bin\msys-com_err-1.dll c:\xbin 
        1 file(s) copied.

c:\Program Files\Git>copy usr\bin\msys-crypt-0.dll c:\xbin 
        1 file(s) copied.

c:\Program Files\Git>copy usr\bin\msys-crypt-2.dll c:\xbin 
        1 file(s) copied.

c:\Program Files\Git>copy usr\bin\msys-crypto-3.dll c:\xbin 
        1 file(s) copied.

c:\Program Files\Git>copy usr\bin\msys-edit-0.dll c:\xbin 
        1 file(s) copied.

c:\Program Files\Git>copy usr\bin\msys-ffi-8.dll c:\xbin 
        1 file(s) copied.

c:\Program Files\Git>copy usr\bin\msys-gcc_s-seh-1.dll c:\xbin 
        1 file(s) copied.

c:\Program Files\Git>copy usr\bin\msys-gcrypt-20.dll c:\xbin 
        1 file(s) copied.

c:\Program Files\Git>copy usr\bin\msys-gettextlib-0-22.dll c:\xbin 
        1 file(s) copied.

c:\Program Files\Git>copy usr\bin\msys-gettextsrc-0-22.dll c:\xbin 
        1 file(s) copied.

c:\Program Files\Git>copy usr\bin\msys-gmp-10.dll c:\xbin 
        1 file(s) copied.

c:\Program Files\Git>copy usr\bin\msys-gnutls-30.dll c:\xbin 
        1 file(s) copied.

c:\Program Files\Git>copy usr\bin\msys-gpg-error-0.dll c:\xbin 
        1 file(s) copied.

c:\Program Files\Git>copy usr\bin\msys-gssapi-3.dll c:\xbin 
        1 file(s) copied.

c:\Program Files\Git>copy usr\bin\msys-hcrypto-4.dll c:\xbin 
        1 file(s) copied.

c:\Program Files\Git>copy usr\bin\msys-heimbase-1.dll c:\xbin 
        1 file(s) copied.

c:\Program Files\Git>copy usr\bin\msys-heimntlm-0.dll c:\xbin 
        1 file(s) copied.

c:\Program Files\Git>copy usr\bin\msys-hogweed-6.dll c:\xbin 
        1 file(s) copied.

c:\Program Files\Git>copy usr\bin\msys-hx509-5.dll c:\xbin 
        1 file(s) copied.

c:\Program Files\Git>copy usr\bin\msys-iconv-2.dll c:\xbin 
        1 file(s) copied.

c:\Program Files\Git>copy usr\bin\msys-idn2-0.dll c:\xbin 
        1 file(s) copied.

c:\Program Files\Git>copy usr\bin\msys-intl-8.dll c:\xbin 
        1 file(s) copied.

c:\Program Files\Git>copy usr\bin\msys-kafs-0.dll c:\xbin 
        1 file(s) copied.

c:\Program Files\Git>copy usr\bin\msys-krb5-26.dll c:\xbin 
        1 file(s) copied.

c:\Program Files\Git>copy usr\bin\msys-ksba-8.dll c:\xbin 
        1 file(s) copied.

c:\Program Files\Git>copy usr\bin\msys-lzma-5.dll c:\xbin 
        1 file(s) copied.

c:\Program Files\Git>copy usr\bin\msys-magic-1.dll c:\xbin 
        1 file(s) copied.

c:\Program Files\Git>copy usr\bin\msys-mpfr-6.dll c:\xbin 
        1 file(s) copied.

c:\Program Files\Git>copy usr\bin\msys-ncursesw6.dll c:\xbin 
        1 file(s) copied.

c:\Program Files\Git>copy usr\bin\msys-nettle-8.dll c:\xbin 
        1 file(s) copied.

c:\Program Files\Git>copy usr\bin\msys-npth-0.dll c:\xbin 
        1 file(s) copied.

c:\Program Files\Git>copy usr\bin\msys-p11-kit-0.dll c:\xbin 
        1 file(s) copied.

c:\Program Files\Git>copy usr\bin\msys-pcre-1.dll c:\xbin 
        1 file(s) copied.

c:\Program Files\Git>copy usr\bin\msys-pcre2-8-0.dll c:\xbin 
        1 file(s) copied.

c:\Program Files\Git>copy usr\bin\msys-pcre2-posix-3.dll c:\xbin 
        1 file(s) copied.

c:\Program Files\Git>copy usr\bin\msys-perl5_36.dll c:\xbin 
        1 file(s) copied.

c:\Program Files\Git>copy usr\bin\msys-psl-5.dll c:\xbin 
        1 file(s) copied.

c:\Program Files\Git>copy usr\bin\msys-readline8.dll c:\xbin 
        1 file(s) copied.

c:\Program Files\Git>copy usr\bin\msys-roken-18.dll c:\xbin 
        1 file(s) copied.

c:\Program Files\Git>copy usr\bin\msys-sasl2-3.dll c:\xbin 
        1 file(s) copied.

c:\Program Files\Git>copy usr\bin\msys-smartcols-1.dll c:\xbin 
        1 file(s) copied.

c:\Program Files\Git>copy usr\bin\msys-sqlite3-0.dll c:\xbin 
        1 file(s) copied.

c:\Program Files\Git>copy usr\bin\msys-ssl-3.dll c:\xbin 
        1 file(s) copied.

c:\Program Files\Git>copy usr\bin\msys-tasn1-6.dll c:\xbin 
        1 file(s) copied.

c:\Program Files\Git>copy usr\bin\msys-ticw6.dll c:\xbin 
        1 file(s) copied.

c:\Program Files\Git>copy usr\bin\msys-unistring-5.dll c:\xbin 
        1 file(s) copied.

c:\Program Files\Git>copy usr\bin\msys-wind-0.dll c:\xbin 
        1 file(s) copied.

c:\Program Files\Git>copy usr\bin\msys-z.dll c:\xbin 
        1 file(s) copied.

c:\Program Files\Git>copy usr\bin\msys-zstd-1.dll c:\xbin 
        1 file(s) copied.

c:\Program Files\Git>copy usr\bin\winpty.dll c:\xbin 
        1 file(s) copied.
