A180AG.exe
A180CM.exe
A180RS.exe
A180WD.exe
AgentService.exe
ai.exe
AppHelperCap.exe
AppVShNotify.exe
BESClient.exe
BridgeCommunication.exe
CcmExec.exe
ClientHealthEval.exe
CompatTelRunner.exe
Cortana.exe
DataExchangeHost.exe
DeviceEnroller.exe
DiagsCap.exe
esrv.exe
esrv_svc.exe
FMService64.exe
GameBar.exe
GameBarFTServer.exe
HelpPane.exe
IntelSMAgent.exe
it-agent.exe
it-autoupdate-service.exe
it-servicecontroller.exe
LockApp.exe
Microsoft.Management.Services.IntuneWindowsAgent.exe
MicrosoftEdgeUpdate.exe
MicrosoftSearchInBing.exe
mofcomp.exe
MoUsoCoreWorker.exe
msedgewebview2.exe
NetworkCap.exe
#OfficeClickToRun.exe
omadmclient.exe
omadmprc.exe
ONENOTEM.EXE
PFERemediation.exe
PhoneExperienceHost.exe
policyHost.exe
SCNotification.exe
SearchFilterHost.exe
SearchHost.exe
SearchIndexer.exe
SearchProtocolHost.exe
SecurityHealthService.exe
smartscreen.exe
sppsvc.exe
StartAllBackCfg.exe
SurSvc.exe
SysInfoCap.exe
TabTip.exe
TextInputHost.exe
uhssvc.exe
unsecapp.exe
Video.UI.exe
vpncli.exe
Widgets.exe
WidgetService.exe
WMIADAP.exe
WmiApSrv.exe

#PIconStartup.exe
#ShellExperienceHost.exe
#SystemSettings.exe
#SystemSettingsBroker.exe

#WmiPrvSE.exe

#TiWorker.exe
#TrustedInstaller.exe
#msiexec.exe

#wuauclt.exe
